<?xml version="1.0" encoding="UTF-8"?>
<testsuite xmlns:xsi="http://www.w3.org/2001/XMLSchema-instance" xsi:noNamespaceSchemaLocation="https://maven.apache.org/surefire/maven-surefire-plugin/xsd/surefire-test-report.xsd" version="3.0.2" name="cucumber.Options.TestRunner" time="6.657" tests="1" errors="0" skipped="0" failures="0">
  <properties>
[...]
</properties>
  <testcase name="User logged in successfully" classname="Login and Generate Access Token" time="5.982">
    <system-out><![CDATA[
Scenario: User logged in successfully                 &amp#27;[90m# src/test/java/features/EventValidations.feature:2&amp#27;[0m
  &amp#27;[32mGiven &amp#27;[0m&amp#27;[32mProvide Email Id and Password&amp#27;[0m                 &amp#27;[90m# stepDefinitions.StepDefinitions.provide_email_id_and_password()&amp#27;[0m
/api/auth/login
Request method:	POST
Request URI:	https://api.eventhub.rahulshettyacademy.com/api/auth/login
Proxy:			<none>
Request params:	<none>
Query params:	<none>
Form params:	<none>
Path params:	<none>
Headers:		Accept=application/json, application/javascript, text/javascript, text/json
				Content-Type=application/json
Cookies:		<none>
Multiparts:		<none>
Body:
{
    "email": "pratima2@gmail.com",
    "password": "secret123"
}
HTTP/1.1 200 OK
Date: Thu, 28 May 2026 17:00:48 GMT
Server: Apache/2.4.52 (Ubuntu)
X-Powered-By: Express
Access-Control-Allow-Origin: https://eventhub.rahulshettyacademy.com
Vary: Origin
Access-Control-Allow-Credentials: true
Content-Type: application/json; charset=utf-8
Content-Length: 260
ETag: W/"104-ofOoIfL6UpUeWP0tnia+hUlPDYI"
Keep-Alive: timeout=5, max=100
Connection: Keep-Alive

{
    "success": true,
    "token": "eyJhbGciOiJIUzI1NiIsInR5cCI6IkpXVCJ9.eyJ1c2VySWQiOjk5MzEsImVtYWlsIjoicHJhdGltYTJAZ21haWwuY29tIiwiaWF0IjoxNzc5OTg3NjQ4LCJleHAiOjE3ODA1OTI0NDh9.IaTGyzdl_3bS8lYZ0mmMTx0f1LPRSYhyreo4Bno7fqo",
    "user": {
        "id": 9931,
        "email": "pratima2@gmail.com"
    }
}
eyJhbGciOiJIUzI1NiIsInR5cCI6IkpXVCJ9.eyJ1c2VySWQiOjk5MzEsImVtYWlsIjoicHJhdGltYTJAZ21haWwuY29tIiwiaWF0IjoxNzc5OTg3NjQ4LCJleHAiOjE3ODA1OTI0NDh9.IaTGyzdl_3bS8lYZ0mmMTx0f1LPRSYhyreo4Bno7fqo
  &amp#27;[32mWhen &amp#27;[0m&amp#27;[32mUser calls &amp#27;[0m&amp#27;[32m&amp#27;[1m"GetTokenAPI"&amp#27;[0m&amp#27;[32m API with post request&amp#27;[0m &amp#27;[90m# stepDefinitions.StepDefinitions.user_calls_api_with_post_request(java.lang.String)&amp#27;[0m
Request method:	GET
Request URI:	https://api.eventhub.rahulshettyacademy.com/api/auth/me
Proxy:			<none>
Request params:	<none>
Query params:	<none>
Form params:	<none>
Path params:	<none>
Headers:		Accept=application/json, application/javascript, text/javascript, text/json
				Content-Type=application/json
Cookies:		<none>
Multiparts:		<none>
Body:
{
    "email": "pratima2@gmail.com",
    "password": "secret123"
}
{"success":true,"user":{"userId":9931,"email":"pratima2@gmail.com","iat":1779987648,"exp":1780592448}}
  &amp#27;[32mThen &amp#27;[0m&amp#27;[32mAPI call got success with status code &amp#27;[0m&amp#27;[32m&amp#27;[1m200&amp#27;[0m      &amp#27;[90m# stepDefinitions.StepDefinitions.api_call_got_success_with_status_code(java.lang.Integer)&amp#27;[0m
]]></system-out>
  </testcase>
</testsuite>